<?xml version="1.0" encoding="UTF-8"?>
<!-- Generated by org.testng.reporters.JUnitReportReporter -->
<testsuite hostname="DESKTOP-23G9946" name="scirpts.Logout" tests="1" failures="0" timestamp="23 Oct 2018 10:10:07 GMT" time="13.760" errors="0">
  <testcase name="logout_test" time="13.760" classname="scirpts.Logout"/>
</testsuite> <!-- scirpts.Logout -->
