<?xml version="1.0" encoding="UTF-8"?>
<!-- Generated by org.testng.reporters.JUnitReportReporter -->
<testsuite hostname="DESKTOP-23G9946" name="scirpts.Creating_new_cutomer_account" tests="1" failures="0" timestamp="6 Feb 2016 14:16:42 GMT" time="104.386" errors="0">
  <testcase name="Creating_new_cutomer_accounts" time="104.386" classname="scirpts.Creating_new_cutomer_account"/>
</testsuite> <!-- scirpts.Creating_new_cutomer_account -->
