<?xml version="1.0" encoding="UTF-8"?>
<!-- Generated by org.testng.reporters.JUnitReportReporter -->
<testsuite hostname="DESKTOP-23G9946" name="page_objects.Editing_customer" tests="1" failures="0" timestamp="7 Feb 2016 14:34:51 GMT" time="203.450" errors="0">
  <testcase name="Editing_customers" time="203.450" classname="page_objects.Editing_customer"/>
</testsuite> <!-- page_objects.Editing_customer -->
