<?xml version="1.0" encoding="UTF-8"?>
<!-- Generated by org.testng.reporters.JUnitReportReporter -->
<testsuite hostname="DESKTOP-23G9946" name="scirpts.Delete_Account" tests="1" failures="0" timestamp="24 Dec 2016 20:52:08 GMT" time="0.000" errors="1">
  <testcase name="Delete_Accounts" time="0.000" classname="scirpts.Delete_Account">
    <error type="org.openqa.selenium.WebDriverException" message="Failed to connect to binary FirefoxBinary(C:\Program Files (x86)\Mozilla Firefox\firefox.exe) on port 7055; process output follows: 
-app-global&quot;,&quot;version&quot;:&quot;5.0.218.0&quot;,&quot;type&quot;:&quot;extension&quot;,&quot;internalName&quot;:null,&quot;updateURL&quot;:null,&quot;updateKey&quot;:null,&quot;optionsURL&quot;:null,&quot;optionsType&quot;:null,&quot;aboutURL&quot;:null,&quot;icons&quot;:{},&quot;iconURL&quot;:&quot;chrome://saff/content/siteadvisor.gif&quot;,&quot;icon64URL&quot;:null,&quot;defaultLocale&quot;:{&quot;name&quot;:&quot;McAfee WebAdvisor&quot;,&quot;description&quot;:null,&quot;creator&quot;:&quot;McAfee Inc.&quot;,&quot;homepageURL&quot;:&quot;http://www.siteadvisor.com/&quot;},&quot;visible&quot;:true,&quot;active&quot;:false,&quot;userDisabled&quot;:true,&quot;appDisabled&quot;:false,&quot;descriptor&quot;:&quot;C:\\Program Files (x86)\\McAfee\\SiteAdvisor\\saffplg.xpi&quot;,&quot;installDate&quot;:1464103290000,&quot;updateDate&quot;:1464103290000,&quot;applyBackgroundUpdates&quot;:1,&quot;bootstrap&quot;:false,&quot;skinnable&quot;:false,&quot;size&quot;:296824,&quot;sourceURI&quot;:null,&quot;releaseNotesURI&quot;:null,&quot;softDisabled&quot;:false,&quot;foreignInstall&quot;:true,&quot;hasBinaryComponents&quot;:false,&quot;strictCompatibility&quot;:false,&quot;locales&quot;:[],&quot;targetApplications&quot;:[{&quot;id&quot;:&quot;{ec8030f7-c20a-464f-9b0e-13a3a9e97384}&quot;,&quot;minVersion&quot;:&quot;26.0&quot;,&quot;maxVersion&quot;:&quot;44.*&quot;}],&quot;targetPlatforms&quot;:[],&quot;multiprocessCompatible&quot;:false,&quot;signedState&quot;:2,&quot;seen&quot;:true}
1482611899394	DeferredSave.extensions.json	DEBUG	Save changes
1482611899394	addons.xpi	DEBUG	Updating database with changes to installed add-ons
1482611899394	addons.xpi-utils	DEBUG	Updating add-on states
1482611899395	addons.xpi-utils	DEBUG	Writing add-ons list
1482611899398	addons.xpi	DEBUG	Registering manifest for C:\Program Files (x86)\Mozilla Firefox\browser\features\e10srollout@mozilla.org.xpi
1482611899398	addons.xpi	DEBUG	Calling bootstrap method startup on e10srollout@mozilla.org version 1.3
1482611899398	addons.xpi	DEBUG	Registering manifest for C:\Program Files (x86)\Mozilla Firefox\browser\features\firefox@getpocket.com.xpi
1482611899399	addons.xpi	DEBUG	Calling bootstrap method startup on firefox@getpocket.com version 1.0.4
1482611899400	addons.xpi	DEBUG	Registering manifest for C:\Program Files (x86)\Mozilla Firefox\browser\features\webcompat@mozilla.org.xpi
1482611899401	addons.xpi	DEBUG	Calling bootstrap method startup on webcompat@mozilla.org version 1.0
1482611899402	addons.manager	DEBUG	Registering shutdown blocker for XPIProvider
1482611899403	addons.manager	DEBUG	Provider finished startup: XPIProvider
1482611899403	addons.manager	DEBUG	Starting provider: LightweightThemeManager
1482611899403	addons.manager	DEBUG	Registering shutdown blocker for LightweightThemeManager
1482611899403	addons.manager	DEBUG	Provider finished startup: LightweightThemeManager
1482611899403	addons.manager	DEBUG	Starting provider: GMPProvider
1482611899411	addons.manager	DEBUG	Registering shutdown blocker for GMPProvider
1482611899411	addons.manager	DEBUG	Provider finished startup: GMPProvider
1482611899412	addons.manager	DEBUG	Starting provider: PluginProvider
1482611899412	addons.manager	DEBUG	Registering shutdown blocker for PluginProvider
1482611899413	addons.manager	DEBUG	Provider finished startup: PluginProvider
1482611899413	addons.manager	DEBUG	Completed startup sequence
1482611900132	addons.manager	DEBUG	Starting provider: &lt;unnamed-provider&gt;
1482611900132	addons.manager	DEBUG	Registering shutdown blocker for &lt;unnamed-provider&gt;
1482611900134	addons.manager	DEBUG	Provider finished startup: &lt;unnamed-provider&gt;
1482611900338	DeferredSave.extensions.json	DEBUG	Write succeeded
1482611900338	addons.xpi-utils	DEBUG	XPI Database saved, setting schema version preference to 17
1482611900339	DeferredSave.extensions.json	DEBUG	Starting timer
1482611900361	addons.repository	DEBUG	No addons.json found.
1482611900365	DeferredSave.addons.json	DEBUG	Save changes
1482611900370	DeferredSave.addons.json	DEBUG	Starting timer
1482611900424	addons.manager	DEBUG	Starting provider: PreviousExperimentProvider
1482611900424	addons.manager	DEBUG	Registering shutdown blocker for PreviousExperimentProvider
1482611900424	addons.manager	DEBUG	Provider finished startup: PreviousExperimentProvider
1482611900430	DeferredSave.extensions.json	DEBUG	Starting write
1482611900437	DeferredSave.addons.json	DEBUG	Starting write
1482611900487	DeferredSave.extensions.json	DEBUG	Write succeeded
1482611900500	DeferredSave.addons.json	DEBUG	Write succeeded

Build info: version: &#039;2.48.2&#039;, revision: &#039;41bccdd&#039;, time: &#039;2015-10-09 19:55:52&#039;
System info: host: &#039;DESKTOP-23G9946&#039;, ip: &#039;192.168.0.11&#039;, os.name: &#039;Windows 10&#039;, os.arch: &#039;amd64&#039;, os.version: &#039;10.0&#039;, java.version: &#039;1.8.0_77&#039;
Driver info: driver.version: FirefoxDriver">
      <![CDATA[org.openqa.selenium.WebDriverException: Failed to connect to binary FirefoxBinary(C:\Program Files (x86)\Mozilla Firefox\firefox.exe) on port 7055; process output follows: 
-app-global","version":"5.0.218.0","type":"extension","internalName":null,"updateURL":null,"updateKey":null,"optionsURL":null,"optionsType":null,"aboutURL":null,"icons":{},"iconURL":"chrome://saff/content/siteadvisor.gif","icon64URL":null,"defaultLocale":{"name":"McAfee WebAdvisor","description":null,"creator":"McAfee Inc.","homepageURL":"http://www.siteadvisor.com/"},"visible":true,"active":false,"userDisabled":true,"appDisabled":false,"descriptor":"C:\\Program Files (x86)\\McAfee\\SiteAdvisor\\saffplg.xpi","installDate":1464103290000,"updateDate":1464103290000,"applyBackgroundUpdates":1,"bootstrap":false,"skinnable":false,"size":296824,"sourceURI":null,"releaseNotesURI":null,"softDisabled":false,"foreignInstall":true,"hasBinaryComponents":false,"strictCompatibility":false,"locales":[],"targetApplications":[{"id":"{ec8030f7-c20a-464f-9b0e-13a3a9e97384}","minVersion":"26.0","maxVersion":"44.*"}],"targetPlatforms":[],"multiprocessCompatible":false,"signedState":2,"seen":true}
1482611899394	DeferredSave.extensions.json	DEBUG	Save changes
1482611899394	addons.xpi	DEBUG	Updating database with changes to installed add-ons
1482611899394	addons.xpi-utils	DEBUG	Updating add-on states
1482611899395	addons.xpi-utils	DEBUG	Writing add-ons list
1482611899398	addons.xpi	DEBUG	Registering manifest for C:\Program Files (x86)\Mozilla Firefox\browser\features\e10srollout@mozilla.org.xpi
1482611899398	addons.xpi	DEBUG	Calling bootstrap method startup on e10srollout@mozilla.org version 1.3
1482611899398	addons.xpi	DEBUG	Registering manifest for C:\Program Files (x86)\Mozilla Firefox\browser\features\firefox@getpocket.com.xpi
1482611899399	addons.xpi	DEBUG	Calling bootstrap method startup on firefox@getpocket.com version 1.0.4
1482611899400	addons.xpi	DEBUG	Registering manifest for C:\Program Files (x86)\Mozilla Firefox\browser\features\webcompat@mozilla.org.xpi
1482611899401	addons.xpi	DEBUG	Calling bootstrap method startup on webcompat@mozilla.org version 1.0
1482611899402	addons.manager	DEBUG	Registering shutdown blocker for XPIProvider
1482611899403	addons.manager	DEBUG	Provider finished startup: XPIProvider
1482611899403	addons.manager	DEBUG	Starting provider: LightweightThemeManager
1482611899403	addons.manager	DEBUG	Registering shutdown blocker for LightweightThemeManager
1482611899403	addons.manager	DEBUG	Provider finished startup: LightweightThemeManager
1482611899403	addons.manager	DEBUG	Starting provider: GMPProvider
1482611899411	addons.manager	DEBUG	Registering shutdown blocker for GMPProvider
1482611899411	addons.manager	DEBUG	Provider finished startup: GMPProvider
1482611899412	addons.manager	DEBUG	Starting provider: PluginProvider
1482611899412	addons.manager	DEBUG	Registering shutdown blocker for PluginProvider
1482611899413	addons.manager	DEBUG	Provider finished startup: PluginProvider
1482611899413	addons.manager	DEBUG	Completed startup sequence
1482611900132	addons.manager	DEBUG	Starting provider: <unnamed-provider>
1482611900132	addons.manager	DEBUG	Registering shutdown blocker for <unnamed-provider>
1482611900134	addons.manager	DEBUG	Provider finished startup: <unnamed-provider>
1482611900338	DeferredSave.extensions.json	DEBUG	Write succeeded
1482611900338	addons.xpi-utils	DEBUG	XPI Database saved, setting schema version preference to 17
1482611900339	DeferredSave.extensions.json	DEBUG	Starting timer
1482611900361	addons.repository	DEBUG	No addons.json found.
1482611900365	DeferredSave.addons.json	DEBUG	Save changes
1482611900370	DeferredSave.addons.json	DEBUG	Starting timer
1482611900424	addons.manager	DEBUG	Starting provider: PreviousExperimentProvider
1482611900424	addons.manager	DEBUG	Registering shutdown blocker for PreviousExperimentProvider
1482611900424	addons.manager	DEBUG	Provider finished startup: PreviousExperimentProvider
1482611900430	DeferredSave.extensions.json	DEBUG	Starting write
1482611900437	DeferredSave.addons.json	DEBUG	Starting write
1482611900487	DeferredSave.extensions.json	DEBUG	Write succeeded
1482611900500	DeferredSave.addons.json	DEBUG	Write succeeded

Build info: version: '2.48.2', revision: '41bccdd', time: '2015-10-09 19:55:52'
System info: host: 'DESKTOP-23G9946', ip: '192.168.0.11', os.name: 'Windows 10', os.arch: 'amd64', os.version: '10.0', java.version: '1.8.0_77'
Driver info: driver.version: FirefoxDriver
	at org.openqa.selenium.firefox.internal.NewProfileExtensionConnection.start(NewProfileExtensionConnection.java:134)
	at org.openqa.selenium.firefox.FirefoxDriver.startClient(FirefoxDriver.java:271)
	at org.openqa.selenium.remote.RemoteWebDriver.<init>(RemoteWebDriver.java:117)
	at org.openqa.selenium.firefox.FirefoxDriver.<init>(FirefoxDriver.java:218)
	at org.openqa.selenium.firefox.FirefoxDriver.<init>(FirefoxDriver.java:211)
	at org.openqa.selenium.firefox.FirefoxDriver.<init>(FirefoxDriver.java:207)
	at org.openqa.selenium.firefox.FirefoxDriver.<init>(FirefoxDriver.java:120)
	at scirpts.Mini_Statement.Open_browser(Mini_Statement.java:22)
	at sun.reflect.NativeMethodAccessorImpl.invoke0(Native Method)
	at sun.reflect.NativeMethodAccessorImpl.invoke(Unknown Source)
	at sun.reflect.DelegatingMethodAccessorImpl.invoke(Unknown Source)
	at java.lang.reflect.Method.invoke(Unknown Source)
	at org.testng.internal.MethodInvocationHelper.invokeMethod(MethodInvocationHelper.java:85)
	at org.testng.internal.Invoker.invokeConfigurationMethod(Invoker.java:510)
	at org.testng.internal.Invoker.invokeConfigurations(Invoker.java:211)
	at org.testng.internal.Invoker.invokeMethod(Invoker.java:585)
	at org.testng.internal.Invoker.invokeTestMethod(Invoker.java:821)
	at org.testng.internal.Invoker.invokeTestMethods(Invoker.java:1131)
	at org.testng.internal.TestMethodWorker.invokeTestMethods(TestMethodWorker.java:124)
	at org.testng.internal.TestMethodWorker.run(TestMethodWorker.java:108)
	at org.testng.TestRunner.privateRun(TestRunner.java:773)
	at org.testng.TestRunner.run(TestRunner.java:623)
	at org.testng.SuiteRunner.runTest(SuiteRunner.java:357)
	at org.testng.SuiteRunner.runSequentially(SuiteRunner.java:352)
	at org.testng.SuiteRunner.privateRun(SuiteRunner.java:310)
	at org.testng.SuiteRunner.run(SuiteRunner.java:259)
	at org.testng.SuiteRunnerWorker.runSuite(SuiteRunnerWorker.java:52)
	at org.testng.SuiteRunnerWorker.run(SuiteRunnerWorker.java:86)
	at org.testng.TestNG.runSuitesSequentially(TestNG.java:1185)
	at org.testng.TestNG.runSuitesLocally(TestNG.java:1110)
	at org.testng.TestNG.run(TestNG.java:1018)
	at org.testng.remote.RemoteTestNG.run(RemoteTestNG.java:111)
	at org.testng.remote.RemoteTestNG.initAndRun(RemoteTestNG.java:204)
	at org.testng.remote.RemoteTestNG.main(RemoteTestNG.java:175)
Caused by: org.openqa.selenium.firefox.NotConnectedException: Unable to connect to host 127.0.0.1 on port 7055 after 45000 ms. Firefox console output:
-app-global","version":"5.0.218.0","type":"extension","internalName":null,"updateURL":null,"updateKey":null,"optionsURL":null,"optionsType":null,"aboutURL":null,"icons":{},"iconURL":"chrome://saff/content/siteadvisor.gif","icon64URL":null,"defaultLocale":{"name":"McAfee WebAdvisor","description":null,"creator":"McAfee Inc.","homepageURL":"http://www.siteadvisor.com/"},"visible":true,"active":false,"userDisabled":true,"appDisabled":false,"descriptor":"C:\\Program Files (x86)\\McAfee\\SiteAdvisor\\saffplg.xpi","installDate":1464103290000,"updateDate":1464103290000,"applyBackgroundUpdates":1,"bootstrap":false,"skinnable":false,"size":296824,"sourceURI":null,"releaseNotesURI":null,"softDisabled":false,"foreignInstall":true,"hasBinaryComponents":false,"strictCompatibility":false,"locales":[],"targetApplications":[{"id":"{ec8030f7-c20a-464f-9b0e-13a3a9e97384}","minVersion":"26.0","maxVersion":"44.*"}],"targetPlatforms":[],"multiprocessCompatible":false,"signedState":2,"seen":true}
1482611899394	DeferredSave.extensions.json	DEBUG	Save changes
1482611899394	addons.xpi	DEBUG	Updating database with changes to installed add-ons
1482611899394	addons.xpi-utils	DEBUG	Updating add-on states
1482611899395	addons.xpi-utils	DEBUG	Writing add-ons list
1482611899398	addons.xpi	DEBUG	Registering manifest for C:\Program Files (x86)\Mozilla Firefox\browser\features\e10srollout@mozilla.org.xpi
1482611899398	addons.xpi	DEBUG	Calling bootstrap method startup on e10srollout@mozilla.org version 1.3
1482611899398	addons.xpi	DEBUG	Registering manifest for C:\Program Files (x86)\Mozilla Firefox\browser\features\firefox@getpocket.com.xpi
1482611899399	addons.xpi	DEBUG	Calling bootstrap method startup on firefox@getpocket.com version 1.0.4
1482611899400	addons.xpi	DEBUG	Registering manifest for C:\Program Files (x86)\Mozilla Firefox\browser\features\webcompat@mozilla.org.xpi
1482611899401	addons.xpi	DEBUG	Calling bootstrap method startup on webcompat@mozilla.org version 1.0
1482611899402	addons.manager	DEBUG	Registering shutdown blocker for XPIProvider
1482611899403	addons.manager	DEBUG	Provider finished startup: XPIProvider
1482611899403	addons.manager	DEBUG	Starting provider: LightweightThemeManager
1482611899403	addons.manager	DEBUG	Registering shutdown blocker for LightweightThemeManager
1482611899403	addons.manager	DEBUG	Provider finished startup: LightweightThemeManager
1482611899403	addons.manager	DEBUG	Starting provider: GMPProvider
1482611899411	addons.manager	DEBUG	Registering shutdown blocker for GMPProvider
1482611899411	addons.manager	DEBUG	Provider finished startup: GMPProvider
1482611899412	addons.manager	DEBUG	Starting provider: PluginProvider
1482611899412	addons.manager	DEBUG	Registering shutdown blocker for PluginProvider
1482611899413	addons.manager	DEBUG	Provider finished startup: PluginProvider
1482611899413	addons.manager	DEBUG	Completed startup sequence
1482611900132	addons.manager	DEBUG	Starting provider: <unnamed-provider>
1482611900132	addons.manager	DEBUG	Registering shutdown blocker for <unnamed-provider>
1482611900134	addons.manager	DEBUG	Provider finished startup: <unnamed-provider>
1482611900338	DeferredSave.extensions.json	DEBUG	Write succeeded
1482611900338	addons.xpi-utils	DEBUG	XPI Database saved, setting schema version preference to 17
1482611900339	DeferredSave.extensions.json	DEBUG	Starting timer
1482611900361	addons.repository	DEBUG	No addons.json found.
1482611900365	DeferredSave.addons.json	DEBUG	Save changes
1482611900370	DeferredSave.addons.json	DEBUG	Starting timer
1482611900424	addons.manager	DEBUG	Starting provider: PreviousExperimentProvider
1482611900424	addons.manager	DEBUG	Registering shutdown blocker for PreviousExperimentProvider
1482611900424	addons.manager	DEBUG	Provider finished startup: PreviousExperimentProvider
1482611900430	DeferredSave.extensions.json	DEBUG	Starting write
1482611900437	DeferredSave.addons.json	DEBUG	Starting write
1482611900487	DeferredSave.extensions.json	DEBUG	Write succeeded
1482611900500	DeferredSave.addons.json	DEBUG	Write succeeded

	at org.openqa.selenium.firefox.internal.NewProfileExtensionConnection.start(NewProfileExtensionConnection.java:122)
	... 33 more
]]>
    </error>
  </testcase> <!-- Delete_Accounts -->
</testsuite> <!-- scirpts.Delete_Account -->
